TN:
SF:src\components\CassetteCard.jsx
FN:5,CassetteCard
FN:14,onCardKeyDown
FN:32,onClick
FNF:3
FNH:2
FNDA:5,CassetteCard
FNDA:1,onCardKeyDown
FNDA:0,onClick
DA:1,1
DA:5,5
DA:6,5
DA:7,5
DA:8,5
DA:9,5
DA:10,5
DA:11,5
DA:12,5
DA:13,5
DA:14,5
DA:15,1
DA:16,1
DA:17,1
DA:18,1
DA:19,1
DA:21,5
DA:22,5
DA:23,5
DA:24,5
DA:25,5
DA:26,5
DA:27,5
DA:28,5
DA:29,5
DA:30,5
DA:32,5
DA:33,5
DA:34,5
DA:35,5
DA:36,5
DA:37,5
DA:38,5
DA:40,5
DA:41,5
DA:43,5
DA:44,5
DA:45,5
DA:46,5
DA:47,5
DA:48,5
DA:49,5
DA:50,5
DA:51,5
DA:52,5
DA:53,5
DA:54,5
DA:55,5
DA:56,5
DA:57,5
DA:58,5
DA:59,5
DA:60,5
DA:61,5
DA:62,5
DA:63,5
DA:64,5
DA:65,5
DA:67,5
DA:69,1
DA:70,1
DA:71,1
DA:72,1
DA:73,1
DA:74,1
DA:75,1
DA:76,1
DA:77,1
DA:78,1
DA:79,1
DA:80,1
DA:81,1
DA:82,1
DA:83,1
DA:84,1
DA:85,1
DA:86,1
LF:77
LH:77
BRDA:5,0,0,5
BRDA:23,1,0,0
BRDA:34,2,0,2
BRDA:34,3,0,3
BRDA:36,4,0,2
BRDA:36,5,0,3
BRDA:48,6,0,0
BRDA:59,7,0,0
BRDA:61,8,0,0
BRDA:14,9,0,1
BRDA:15,10,0,0
BRF:11
BRH:6
end_of_record
TN:
SF:src\components\Deck.jsx
FN:19,formatDuration
FN:26,TBtn
FN:49,MetadataPills
FN:76,Deck
FN:121,onClick
FN:127,onClick
FN:259,onChange
FN:269,onChange
FN:279,onChange
FNF:9
FNH:4
FNDA:1,formatDuration
FNDA:10,TBtn
FNDA:1,MetadataPills
FNDA:2,Deck
FNDA:0,onClick
FNDA:0,onClick
FNDA:0,onChange
FNDA:0,onChange
FNDA:0,onChange
DA:1,1
DA:8,1
DA:9,1
DA:10,1
DA:11,1
DA:12,1
DA:13,1
DA:14,1
DA:15,1
DA:16,1
DA:17,1
DA:19,1
DA:20,1
DA:21,1
DA:22,1
DA:23,1
DA:24,1
DA:26,10
DA:27,10
DA:28,10
DA:29,10
DA:30,10
DA:31,10
DA:32,10
DA:33,10
DA:34,10
DA:35,10
DA:36,10
DA:37,10
DA:38,10
DA:39,10
DA:40,10
DA:41,10
DA:42,10
DA:43,10
DA:44,10
DA:45,10
DA:47,10
DA:49,1
DA:50,1
DA:51,1
DA:52,1
DA:53,1
DA:54,1
DA:55,1
DA:56,1
DA:57,1
DA:59,1
DA:61,1
DA:62,1
DA:63,1
DA:64,1
DA:65,1
DA:66,1
DA:67,1
DA:68,1
DA:69,1
DA:70,1
DA:72,1
DA:73,1
DA:74,1
DA:76,2
DA:77,2
DA:78,2
DA:79,2
DA:80,2
DA:81,2
DA:82,2
DA:83,2
DA:84,2
DA:85,2
DA:86,2
DA:87,2
DA:88,2
DA:89,2
DA:90,2
DA:91,2
DA:92,2
DA:93,2
DA:94,2
DA:95,2
DA:96,2
DA:97,2
DA:98,2
DA:99,2
DA:100,2
DA:101,2
DA:102,2
DA:103,2
DA:104,2
DA:105,2
DA:106,2
DA:107,2
DA:109,2
DA:110,2
DA:111,2
DA:112,2
DA:113,2
DA:114,2
DA:116,2
DA:117,2
DA:118,2
DA:119,2
DA:120,2
DA:121,2
DA:122,2
DA:124,2
DA:125,2
DA:126,2
DA:127,2
DA:128,2
DA:130,2
DA:131,2
DA:132,2
DA:134,2
DA:135,2
DA:136,2
DA:137,2
DA:138,1
DA:139,1
DA:140,1
DA:141,1
DA:142,1
DA:143,1
DA:144,1
DA:146,1
DA:147,1
DA:148,1
DA:149,1
DA:150,1
DA:152,2
DA:153,2
DA:154,2
DA:155,2
DA:156,2
DA:157,2
DA:158,2
DA:159,2
DA:160,2
DA:162,2
DA:163,2
DA:164,0
DA:165,0
DA:166,0
DA:168,2
DA:169,2
DA:170,2
DA:171,2
DA:173,2
DA:174,2
DA:175,2
DA:176,2
DA:178,2
DA:179,2
DA:180,2
DA:181,2
DA:182,2
DA:183,2
DA:184,2
DA:185,2
DA:186,2
DA:187,2
DA:188,2
DA:189,2
DA:190,2
DA:191,2
DA:192,2
DA:193,2
DA:194,2
DA:195,2
DA:196,2
DA:197,2
DA:198,2
DA:199,2
DA:200,2
DA:201,2
DA:202,2
DA:203,2
DA:204,2
DA:206,2
DA:207,2
DA:208,2
DA:209,2
DA:210,2
DA:211,2
DA:212,2
DA:213,2
DA:214,2
DA:215,2
DA:216,2
DA:217,2
DA:218,2
DA:219,2
DA:220,2
DA:222,2
DA:223,2
DA:224,2
DA:225,2
DA:226,2
DA:227,2
DA:228,2
DA:229,2
DA:230,2
DA:231,2
DA:232,2
DA:233,2
DA:234,2
DA:236,2
DA:237,2
DA:238,2
DA:239,2
DA:240,2
DA:241,2
DA:242,2
DA:243,2
DA:244,2
DA:245,2
DA:246,2
DA:247,2
DA:248,2
DA:249,2
DA:251,2
DA:252,2
DA:253,2
DA:254,2
DA:255,2
DA:256,2
DA:257,2
DA:258,2
DA:259,2
DA:260,2
DA:261,2
DA:262,2
DA:263,2
DA:264,2
DA:265,2
DA:266,2
DA:267,2
DA:268,2
DA:269,2
DA:270,2
DA:271,2
DA:272,2
DA:273,2
DA:274,2
DA:275,2
DA:276,2
DA:277,2
DA:278,2
DA:279,2
DA:280,2
DA:281,2
DA:282,2
DA:283,2
DA:285,2
DA:287,1
DA:288,1
DA:289,1
DA:290,1
DA:291,1
DA:292,1
DA:293,1
DA:294,1
DA:295,1
DA:296,1
DA:297,1
DA:298,1
DA:299,1
DA:300,1
DA:301,1
DA:302,1
DA:303,1
DA:304,1
DA:305,1
DA:306,1
DA:307,1
DA:308,1
DA:309,1
DA:310,1
DA:311,1
DA:312,1
DA:313,1
DA:314,1
DA:315,1
DA:316,1
DA:317,1
DA:318,1
DA:319,1
DA:320,1
DA:321,1
DA:322,1
DA:323,1
DA:324,1
LF:293
LH:290
BRDA:19,0,0,1
BRDA:20,1,0,0
BRDA:26,2,0,10
BRDA:37,3,0,6
BRDA:38,4,0,1
BRDA:39,5,0,0
BRDA:40,6,0,2
BRDA:49,7,0,1
BRDA:50,8,0,0
BRDA:76,9,0,2
BRDA:107,10,0,1
BRDA:107,11,0,1
BRDA:107,12,0,0
BRDA:120,13,0,0
BRDA:126,14,0,0
BRDA:137,15,0,1
BRDA:144,16,0,1
BRDA:153,17,0,1
BRDA:153,18,0,1
BRDA:153,19,0,0
BRDA:157,20,0,0
BRDA:163,21,0,0
BRDA:183,22,0,1
BRDA:183,23,0,1
BRDA:188,24,0,1
BRDA:188,25,0,1
BRDA:189,26,0,1
BRDA:189,27,0,1
BRDA:190,28,0,1
BRDA:190,29,0,1
BRDA:192,30,0,1
BRDA:192,31,0,0
BRDA:193,32,0,1
BRDA:198,33,0,0
BRDA:199,34,0,0
BRDA:201,35,0,1
BRF:36
BRH:24
end_of_record
TN:
SF:src\components\Knob.jsx
FN:5,clamp
FN:9,arcSegment
FN:10,toRad
FN:21,Knob
FN:46,startDrag
FN:50,moveDrag
FN:56,onKeyDown
FN:70,onMouseDown
FN:72,onMove
FN:73,onUp
FN:82,onTouchStart
FNF:11
FNH:10
FNDA:2,clamp
FNDA:16,arcSegment
FNDA:64,toRad
FNDA:8,Knob
FNDA:1,startDrag
FNDA:1,moveDrag
FNDA:1,onKeyDown
FNDA:1,onMouseDown
FNDA:1,onMove
FNDA:1,onUp
FNDA:0,onTouchStart
DA:1,1
DA:5,2
DA:6,2
DA:7,2
DA:9,16
DA:10,16
DA:11,16
DA:12,16
DA:13,16
DA:14,16
DA:15,16
DA:16,16
DA:17,16
DA:18,16
DA:19,16
DA:21,8
DA:22,8
DA:23,8
DA:24,8
DA:25,8
DA:26,8
DA:27,8
DA:28,8
DA:29,8
DA:30,8
DA:31,8
DA:32,8
DA:33,8
DA:34,8
DA:35,8
DA:36,8
DA:37,8
DA:38,8
DA:39,8
DA:41,8
DA:42,8
DA:43,8
DA:44,8
DA:46,8
DA:47,1
DA:48,1
DA:49,1
DA:50,8
DA:51,1
DA:52,1
DA:53,1
DA:54,1
DA:56,8
DA:57,1
DA:58,1
DA:59,0
DA:60,0
DA:61,0
DA:62,0
DA:63,0
DA:64,0
DA:66,1
DA:67,1
DA:68,1
DA:70,8
DA:71,1
DA:72,1
DA:73,1
DA:74,1
DA:75,1
DA:76,1
DA:77,1
DA:78,1
DA:79,1
DA:80,1
DA:82,8
DA:83,0
DA:84,0
DA:85,0
DA:86,0
DA:87,0
DA:88,0
DA:89,0
DA:90,0
DA:91,0
DA:92,0
DA:93,0
DA:94,0
DA:95,0
DA:97,8
DA:98,8
DA:99,8
DA:100,8
DA:101,8
DA:102,8
DA:103,8
DA:104,8
DA:105,8
DA:106,8
DA:107,8
DA:108,8
DA:109,8
DA:110,8
DA:112,8
DA:113,8
DA:114,8
DA:116,8
DA:117,8
DA:118,8
DA:119,8
DA:120,8
DA:121,8
DA:122,8
DA:123,8
DA:124,8
DA:126,8
DA:127,8
DA:128,8
DA:129,8
DA:130,8
DA:131,8
DA:132,8
DA:133,8
DA:134,8
DA:135,8
DA:136,8
DA:138,8
DA:140,1
DA:141,1
DA:142,1
DA:143,1
DA:144,1
DA:145,1
DA:146,1
DA:147,1
DA:148,1
DA:149,1
LF:132
LH:113
BRDA:5,0,0,2
BRDA:9,1,0,16
BRDA:16,2,0,0
BRDA:17,3,0,8
BRDA:17,4,0,8
BRDA:10,5,0,64
BRDA:21,6,0,8
BRDA:103,7,0,0
BRDA:110,8,0,0
BRDA:46,9,0,1
BRDA:50,10,0,1
BRDA:56,11,0,1
BRDA:58,12,0,0
BRDA:58,13,0,0
BRDA:70,14,0,1
BRDA:72,15,0,1
BRDA:73,16,0,1
BRF:17
BRH:12
end_of_record
TN:
SF:src\components\QueuePanel.jsx
FN:4,QueuePanel
FN:20,onClick
FN:25,onClick
FN:30,onClick
FN:31,onClick
FNF:5
FNH:4
FNDA:1,QueuePanel
FNDA:1,onClick
FNDA:0,onClick
FNDA:1,onClick
FNDA:1,onClick
DA:1,1
DA:4,1
DA:5,1
DA:6,1
DA:7,1
DA:8,1
DA:9,1
DA:11,1
DA:12,1
DA:13,1
DA:14,1
DA:15,2
DA:16,2
DA:17,2
DA:18,2
DA:19,2
DA:20,2
DA:22,2
DA:23,2
DA:24,2
DA:25,2
DA:26,2
DA:27,2
DA:29,2
DA:30,2
DA:31,2
DA:33,2
DA:34,2
DA:35,2
DA:36,1
DA:37,1
DA:39,1
DA:41,1
DA:42,1
DA:43,1
DA:44,1
DA:45,1
DA:46,1
DA:47,1
DA:48,1
DA:49,1
DA:50,1
DA:51,1
DA:52,1
LF:44
LH:44
BRDA:4,0,0,1
BRDA:13,1,0,0
BRDA:14,2,0,2
BRDA:20,3,0,1
BRDA:30,4,0,1
BRDA:31,5,0,1
BRF:6
BRH:5
end_of_record
TN:
SF:src\components\Rack.jsx
FN:5,Rack
FN:41,onFavorite
FN:42,onQueue
FN:43,onClick
FNF:4
FNH:1
FNDA:2,Rack
FNDA:0,onFavorite
FNDA:0,onQueue
FNDA:0,onClick
DA:1,1
DA:5,2
DA:6,2
DA:7,2
DA:8,2
DA:9,2
DA:10,2
DA:11,2
DA:12,2
DA:13,2
DA:14,2
DA:15,2
DA:16,2
DA:17,2
DA:19,2
DA:20,2
DA:21,2
DA:22,2
DA:23,2
DA:24,2
DA:25,2
DA:26,2
DA:27,2
DA:29,2
DA:30,2
DA:31,2
DA:32,2
DA:33,2
DA:34,2
DA:35,3
DA:36,3
DA:37,3
DA:38,3
DA:39,3
DA:40,3
DA:41,3
DA:42,3
DA:43,3
DA:44,3
DA:45,2
DA:46,2
DA:47,2
DA:49,2
DA:51,1
DA:52,1
DA:53,1
DA:54,1
DA:55,1
DA:56,1
DA:57,1
DA:58,1
DA:59,1
DA:60,1
DA:62,1
DA:63,1
DA:64,1
DA:65,1
DA:66,1
DA:67,1
DA:68,1
DA:69,1
DA:70,1
DA:71,1
DA:72,1
DA:73,1
LF:65
LH:65
BRDA:5,0,0,2
BRDA:17,1,0,1
BRDA:17,2,0,1
BRDA:20,3,0,0
BRDA:25,4,0,1
BRDA:25,5,0,1
BRDA:17,6,0,2
BRDA:34,7,0,3
BRDA:39,8,0,0
BRF:9
BRH:7
end_of_record
TN:
SF:src\components\Reel.jsx
FN:4,Reel
FNF:1
FNH:1
FNDA:14,Reel
DA:1,1
DA:4,14
DA:5,14
DA:6,14
DA:7,14
DA:8,14
DA:9,14
DA:10,14
DA:11,14
DA:13,14
DA:14,14
DA:15,84
DA:16,84
DA:17,84
DA:18,84
DA:19,84
DA:20,84
DA:21,84
DA:22,84
DA:23,84
DA:24,84
DA:25,84
DA:26,84
DA:28,14
DA:29,14
DA:30,14
DA:31,14
DA:33,14
DA:35,1
DA:36,1
DA:37,1
DA:38,1
LF:32
LH:32
BRDA:4,0,0,14
BRDA:7,1,0,2
BRDA:7,2,0,12
BRDA:14,3,0,84
BRF:4
BRH:4
end_of_record
TN:
SF:src\components\TuneEditor.jsx
FN:4,TuneEditor
FN:17,onChange
FN:22,onChange
FN:27,onChange
FN:33,onChange
FN:39,onChange
FN:44,onChange
FN:50,onChange
FNF:8
FNH:2
FNDA:2,TuneEditor
FNDA:1,onChange
FNDA:0,onChange
FNDA:0,onChange
FNDA:0,onChange
FNDA:0,onChange
FNDA:0,onChange
FNDA:0,onChange
DA:1,1
DA:4,2
DA:5,2
DA:6,1
DA:7,1
DA:8,1
DA:9,1
DA:10,1
DA:12,1
DA:13,1
DA:14,1
DA:15,1
DA:16,1
DA:17,1
DA:18,1
DA:19,1
DA:20,1
DA:21,1
DA:22,1
DA:23,1
DA:24,1
DA:25,1
DA:26,1
DA:27,1
DA:28,1
DA:29,1
DA:30,1
DA:31,1
DA:32,1
DA:33,1
DA:34,1
DA:35,1
DA:36,1
DA:37,1
DA:38,1
DA:39,1
DA:40,1
DA:41,1
DA:42,1
DA:43,1
DA:44,1
DA:45,1
DA:46,1
DA:47,1
DA:48,1
DA:49,1
DA:50,1
DA:51,1
DA:52,1
DA:53,1
DA:54,1
DA:56,1
DA:57,1
DA:59,1
DA:60,1
DA:61,1
DA:63,1
DA:65,1
DA:66,1
DA:67,1
DA:68,1
DA:69,1
DA:70,1
DA:71,1
DA:72,1
DA:73,1
DA:74,1
DA:75,1
DA:76,1
DA:77,1
DA:78,1
DA:79,1
DA:80,1
LF:73
LH:73
BRDA:4,0,0,2
BRDA:5,1,0,1
BRDA:17,2,0,1
BRF:3
BRH:3
end_of_record
TN:
SF:src\components\VUMeter.jsx
FN:4,VUMeter
FNF:1
FNH:1
FNDA:4,VUMeter
DA:1,1
DA:4,4
DA:5,4
DA:6,4
DA:7,4
DA:8,4
DA:9,4
DA:10,80
DA:11,4
DA:12,4
DA:13,4
DA:15,4
DA:17,1
DA:18,1
DA:19,1
DA:20,1
LF:16
LH:16
BRDA:4,0,0,4
BRDA:9,1,0,80
BRDA:10,2,0,40
BRDA:10,3,0,40
BRF:4
BRH:4
end_of_record
TN:
SF:src\components\Visualizer.jsx
FN:5,Visualizer
FN:13,w
FN:14,h
FN:19,drawFake
FN:57,draw
FNF:5
FNH:5
FNDA:2,Visualizer
FNDA:3,w
FNDA:3,h
FNDA:1,drawFake
FNDA:2,draw
DA:1,1
DA:5,2
DA:6,2
DA:8,2
DA:9,2
DA:10,2
DA:11,2
DA:12,2
DA:13,2
DA:14,2
DA:16,2
DA:17,2
DA:19,2
DA:20,1
DA:21,1
DA:22,1
DA:23,1
DA:24,0
DA:25,0
DA:26,0
DA:27,0
DA:28,0
DA:29,0
DA:30,0
DA:31,0
DA:32,0
DA:33,0
DA:34,0
DA:35,0
DA:36,1
DA:37,1
DA:38,1
DA:39,1
DA:40,30
DA:41,30
DA:42,30
DA:43,30
DA:44,30
DA:45,30
DA:46,1
DA:47,1
DA:49,2
DA:50,2
DA:51,2
DA:52,2
DA:53,0
DA:54,2
DA:55,2
DA:57,2
DA:58,2
DA:59,0
DA:60,0
DA:61,0
DA:62,2
DA:64,2
DA:65,2
DA:66,2
DA:67,2
DA:68,2
DA:70,2
DA:71,1
DA:72,1
DA:73,1
DA:74,1
DA:75,1
DA:77,2
DA:78,1
DA:79,1
DA:80,1
DA:81,1
DA:83,0
DA:84,0
DA:85,0
DA:86,0
DA:87,0
DA:88,0
DA:89,0
DA:90,0
DA:91,0
DA:92,0
DA:93,0
DA:94,0
DA:95,0
DA:96,0
DA:97,0
DA:98,0
DA:99,0
DA:100,0
DA:101,0
DA:102,0
DA:103,0
DA:104,0
DA:105,0
DA:106,0
DA:108,0
DA:109,2
DA:111,2
DA:112,2
DA:113,0
DA:114,0
DA:115,2
DA:117,2
DA:118,2
DA:120,1
DA:121,1
DA:122,1
DA:123,1
DA:124,1
DA:125,1
DA:126,1
DA:127,1
DA:128,1
DA:129,1
LF:113
LH:70
BRDA:5,0,0,2
BRDA:8,1,0,2
BRDA:10,2,0,0
BRDA:16,3,0,0
BRDA:17,4,0,0
BRDA:50,5,0,0
BRDA:52,6,0,0
BRDA:54,7,0,0
BRDA:13,8,0,3
BRDA:14,9,0,3
BRDA:19,10,0,1
BRDA:23,11,0,0
BRDA:39,12,0,30
BRDA:57,13,0,2
BRDA:58,14,0,0
BRDA:70,15,0,1
BRDA:77,16,0,0
BRDA:77,17,0,1
BRDA:81,18,0,0
BRF:19
BRH:9
end_of_record
TN:
SF:src\hooks\useRadioMode.js
FN:8,useRadioMode
FN:22,clearTimers
FN:27,stopAudio
FN:39,runTransitionRef.current
FN:49,onAudioChange
FN:61,scheduleRef.current
FNF:6
FNH:5
FNDA:4,useRadioMode
FNDA:3,clearTimers
FNDA:1,stopAudio
FNDA:1,runTransitionRef.current
FNDA:0,onAudioChange
FNDA:2,scheduleRef.current
DA:1,1
DA:4,1
DA:5,1
DA:6,1
DA:8,1
DA:9,4
DA:10,4
DA:11,4
DA:13,4
DA:14,4
DA:15,4
DA:16,4
DA:17,4
DA:18,4
DA:19,4
DA:20,4
DA:22,4
DA:23,3
DA:24,3
DA:25,4
DA:27,4
DA:28,1
DA:29,0
DA:30,0
DA:31,0
DA:32,4
DA:34,4
DA:35,4
DA:36,4
DA:38,4
DA:39,4
DA:40,1
DA:41,1
DA:42,1
DA:43,1
DA:45,1
DA:47,1
DA:48,1
DA:49,1
DA:50,0
DA:51,1
DA:52,1
DA:54,1
DA:55,1
DA:56,1
DA:57,1
DA:58,1
DA:59,4
DA:61,4
DA:62,2
DA:63,2
DA:64,2
DA:65,2
DA:66,2
DA:67,300
DA:68,300
DA:69,300
DA:70,2
DA:71,2
DA:72,1
DA:73,1
DA:74,1
DA:75,1
DA:76,1
DA:77,2
DA:78,4
DA:80,4
DA:81,4
DA:82,1
DA:83,1
DA:84,1
DA:85,1
DA:86,1
DA:87,1
DA:88,1
DA:89,1
DA:90,4
DA:91,4
DA:92,4
DA:94,4
DA:95,0
DA:96,0
DA:97,0
DA:98,0
DA:99,0
DA:100,0
DA:101,4
DA:103,4
DA:104,4
DA:105,1
DA:106,1
DA:107,1
DA:108,1
DA:109,0
DA:110,4
DA:111,4
DA:112,4
DA:114,4
DA:115,4
DA:116,0
DA:117,0
DA:118,4
DA:119,4
DA:120,4
DA:122,4
DA:123,4
LF:106
LH:93
BRDA:8,0,0,4
BRDA:22,1,0,3
BRDA:27,2,0,1
BRDA:28,3,0,0
BRDA:39,4,0,1
BRDA:40,5,0,0
BRDA:54,6,0,0
BRDA:61,7,0,2
BRDA:66,8,0,300
BRDA:69,9,0,1
BRDA:71,10,0,1
BRDA:74,11,0,0
BRDA:81,12,0,1
BRDA:104,13,0,1
BRDA:108,14,0,0
BRDA:115,15,0,1
BRF:16
BRH:11
end_of_record
TN:
SF:src\hooks\useStrudel.js
FN:6,waitForGlobal
FN:21,findContext
FN:36,findAudioNode
FN:51,useStrudel
FN:135,init
FN:151,prebake
FN:182,evaluate
FN:183,stop
FN:184,hush
FNF:9
FNH:4
FNDA:2,waitForGlobal
FNDA:3,findContext
FNDA:0,findAudioNode
FNDA:4,useStrudel
FNDA:2,init
FNDA:0,prebake
FNDA:0,evaluate
FNDA:0,stop
FNDA:0,hush
DA:1,1
DA:2,1
DA:3,1
DA:4,1
DA:5,1
DA:6,2
DA:7,2
DA:8,2
DA:9,2
DA:10,2
DA:11,2
DA:12,2
DA:13,2
DA:14,0
DA:15,0
DA:16,0
DA:17,2
DA:18,2
DA:19,2
DA:20,1
DA:21,3
DA:22,3
DA:23,3
DA:24,3
DA:25,3
DA:26,3
DA:27,3
DA:28,2
DA:29,2
DA:30,2
DA:31,2
DA:32,2
DA:33,1
DA:34,1
DA:35,1
DA:36,0
DA:37,0
DA:38,0
DA:39,0
DA:40,0
DA:41,0
DA:42,0
DA:43,0
DA:44,0
DA:45,0
DA:46,0
DA:47,0
DA:48,0
DA:49,0
DA:50,1
DA:51,1
DA:52,4
DA:53,4
DA:54,4
DA:55,4
DA:56,4
DA:57,4
DA:58,4
DA:59,4
DA:60,4
DA:61,4
DA:62,4
DA:63,4
DA:64,4
DA:65,4
DA:66,4
DA:67,4
DA:68,4
DA:69,4
DA:70,4
DA:71,4
DA:72,4
DA:73,4
DA:74,4
DA:75,1
DA:76,1
DA:77,1
DA:78,1
DA:79,1
DA:80,1
DA:81,1
DA:82,1
DA:83,1
DA:84,0
DA:85,1
DA:86,1
DA:87,0
DA:88,0
DA:89,0
DA:90,0
DA:91,0
DA:92,0
DA:93,0
DA:94,0
DA:95,0
DA:96,0
DA:97,0
DA:98,0
DA:99,0
DA:100,0
DA:101,0
DA:102,0
DA:103,0
DA:104,0
DA:105,0
DA:106,0
DA:107,0
DA:108,0
DA:109,0
DA:110,0
DA:111,0
DA:112,0
DA:113,0
DA:114,0
DA:115,0
DA:116,0
DA:117,0
DA:118,0
DA:119,0
DA:120,0
DA:121,0
DA:122,0
DA:123,0
DA:124,0
DA:125,0
DA:126,0
DA:127,0
DA:128,0
DA:129,0
DA:130,0
DA:131,4
DA:132,4
DA:133,4
DA:134,2
DA:135,2
DA:136,2
DA:137,2
DA:138,2
DA:139,2
DA:140,2
DA:141,2
DA:142,0
DA:143,2
DA:144,0
DA:145,0
DA:146,0
DA:147,0
DA:148,2
DA:149,2
DA:150,2
DA:151,2
DA:152,0
DA:153,0
DA:154,0
DA:155,0
DA:156,0
DA:157,0
DA:158,0
DA:159,0
DA:160,0
DA:161,0
DA:162,0
DA:163,2
DA:164,2
DA:165,2
DA:166,1
DA:167,1
DA:168,1
DA:169,1
DA:170,1
DA:171,1
DA:172,1
DA:173,1
DA:174,1
DA:175,0
DA:176,0
DA:177,0
DA:178,1
DA:179,0
DA:180,0
DA:181,1
DA:182,1
DA:183,1
DA:184,1
DA:185,1
DA:186,1
DA:187,1
DA:188,1
DA:189,1
DA:190,2
DA:191,2
DA:192,2
DA:193,2
DA:194,2
DA:195,2
DA:196,0
DA:197,2
DA:198,4
DA:199,4
DA:200,4
DA:201,4
DA:202,0
DA:203,0
DA:204,0
DA:205,0
DA:206,0
DA:207,0
DA:208,0
DA:209,4
DA:210,4
DA:211,4
DA:212,4
DA:213,4
DA:214,0
DA:215,0
DA:216,0
DA:217,0
DA:218,4
DA:219,4
DA:220,4
DA:221,0
DA:222,0
DA:223,0
DA:224,0
DA:225,0
DA:226,0
DA:227,0
DA:228,0
DA:229,0
DA:230,0
DA:231,0
DA:232,0
DA:233,4
DA:234,4
DA:235,4
DA:236,0
DA:237,0
DA:238,0
DA:239,0
DA:240,4
DA:241,4
DA:242,4
DA:243,0
DA:244,0
DA:245,0
DA:246,0
DA:247,0
DA:248,4
DA:249,4
DA:250,4
DA:251,4
DA:252,4
DA:253,0
DA:254,0
DA:255,0
DA:256,0
DA:257,0
DA:258,0
DA:259,0
DA:260,0
DA:261,0
DA:262,0
DA:263,0
DA:264,0
DA:265,0
DA:266,0
DA:267,0
DA:268,4
DA:269,4
DA:270,4
DA:271,0
DA:272,0
DA:273,0
DA:274,0
DA:275,0
DA:276,0
DA:277,0
DA:278,0
DA:279,0
DA:280,0
DA:281,0
DA:282,0
DA:283,0
DA:284,0
DA:285,0
DA:286,0
DA:287,0
DA:288,0
DA:289,0
DA:290,4
DA:291,4
DA:292,4
DA:293,0
DA:294,0
DA:295,0
DA:296,0
DA:297,0
DA:298,0
DA:299,0
DA:300,0
DA:301,0
DA:302,0
DA:303,0
DA:304,0
DA:305,0
DA:306,0
DA:307,0
DA:308,0
DA:309,0
DA:310,0
DA:311,4
DA:312,4
DA:313,4
DA:314,0
DA:315,0
DA:316,0
DA:317,0
DA:318,0
DA:319,0
DA:320,0
DA:321,0
DA:322,0
DA:323,0
DA:324,4
DA:325,4
DA:326,4
DA:327,4
DA:328,0
DA:329,0
DA:330,0
DA:331,0
DA:332,0
DA:333,0
DA:334,0
DA:335,0
DA:336,0
DA:337,0
DA:338,0
DA:339,0
DA:340,0
DA:341,0
DA:342,4
DA:343,4
DA:344,4
DA:345,4
DA:346,4
DA:347,4
DA:348,4
DA:349,4
DA:350,4
DA:351,4
DA:352,4
DA:353,4
DA:354,4
DA:355,4
DA:356,4
DA:357,4
DA:358,4
DA:359,4
DA:360,4
DA:361,4
DA:362,4
DA:363,4
LF:363
LH:171
BRDA:6,0,0,2
BRDA:7,1,0,2
BRDA:9,2,0,2
BRDA:13,3,0,0
BRDA:21,4,0,3
BRDA:22,5,0,0
BRDA:24,6,0,0
BRDA:24,7,0,0
BRDA:25,8,0,0
BRDA:25,9,0,0
BRDA:26,10,0,2
BRDA:27,11,0,1
BRDA:27,12,0,2
BRDA:29,13,0,0
BRDA:31,14,0,0
BRDA:33,15,0,1
BRDA:51,16,0,4
BRDA:74,17,0,1
BRDA:75,18,0,0
BRDA:80,19,0,0
BRDA:83,20,0,0
BRDA:84,21,0,0
BRDA:85,22,0,0
BRDA:85,23,0,0
BRDA:85,24,0,0
BRDA:86,25,0,0
BRDA:86,26,0,0
BRDA:86,27,0,0
BRDA:133,28,0,2
BRDA:135,29,0,2
BRDA:141,30,0,0
BRDA:141,31,0,0
BRDA:143,32,0,0
BRDA:165,33,0,1
BRDA:165,34,0,0
BRDA:166,35,0,1
BRDA:174,36,0,0
BRDA:174,37,0,0
BRDA:178,38,0,0
BRDA:186,39,0,0
BRF:40
BRH:14
end_of_record
TN:
SF:src\utils\playlist.ts
FN:1,enqueue
FN:6,dequeue
FN:11,removeFromQueue
FN:16,moveQueueItem
FN:26,toggleFavorite
FNF:5
FNH:5
FNDA:2,enqueue
FNDA:1,dequeue
FNDA:1,removeFromQueue
FNDA:2,moveQueueItem
FNDA:2,toggleFavorite
DA:1,1
DA:2,2
DA:3,2
DA:4,2
DA:6,1
DA:7,1
DA:8,1
DA:9,1
DA:11,1
DA:12,1
DA:13,1
DA:14,1
DA:16,1
DA:17,2
DA:18,2
DA:19,2
DA:20,1
DA:21,1
DA:22,1
DA:23,1
DA:24,1
DA:26,1
DA:27,2
DA:28,2
DA:29,2
DA:30,1
DA:31,2
DA:32,2
LF:28
LH:28
BRDA:1,0,0,2
BRDA:2,1,0,0
BRDA:6,2,0,1
BRDA:7,3,0,0
BRDA:11,4,0,1
BRDA:12,5,0,0
BRDA:13,6,0,3
BRDA:16,7,0,2
BRDA:17,8,0,0
BRDA:18,9,0,1
BRDA:19,10,0,0
BRDA:19,11,0,1
BRDA:26,12,0,2
BRDA:27,13,0,0
BRDA:29,14,0,1
BRF:15
BRH:9
end_of_record
TN:
SF:src\utils\tunePipeline.js
FN:4,normalizeTrack
FN:19,isValidManifestTrack
FN:32,extractSampleSelectors
FN:51,preparePlaybackCode
FNF:4
FNH:4
FNDA:1,normalizeTrack
FNDA:1,isValidManifestTrack
FNDA:2,extractSampleSelectors
FNDA:1,preparePlaybackCode
DA:1,1
DA:2,1
DA:3,1
DA:4,1
DA:5,1
DA:6,1
DA:7,1
DA:8,1
DA:9,1
DA:10,1
DA:11,1
DA:12,1
DA:13,1
DA:14,1
DA:15,1
DA:16,1
DA:17,1
DA:18,1
DA:19,1
DA:20,1
DA:21,1
DA:22,1
DA:23,1
DA:24,1
DA:25,1
DA:26,1
DA:27,1
DA:28,1
DA:29,1
DA:30,1
DA:31,1
DA:32,1
DA:33,2
DA:34,2
DA:35,2
DA:36,2
DA:37,2
DA:38,2
DA:39,4
DA:40,4
DA:41,4
DA:42,4
DA:43,8
DA:44,8
DA:45,8
DA:46,8
DA:47,4
DA:48,2
DA:49,2
DA:50,1
DA:51,1
DA:52,1
DA:53,1
DA:54,1
DA:55,1
DA:56,1
DA:57,1
LF:57
LH:57
BRDA:4,0,0,1
BRDA:7,1,0,0
BRDA:12,2,0,0
BRDA:14,3,0,0
BRDA:19,4,0,1
BRDA:32,5,0,2
BRDA:33,6,0,0
BRDA:38,7,0,4
BRDA:42,8,0,8
BRDA:44,9,0,2
BRDA:51,10,0,1
BRDA:52,11,0,0
BRF:12
BRH:7
end_of_record
TN:
SF:src\utils\wav.js
FN:1,encodeStereoWavBuffer
FN:23,writeString
FN:51,encodeStereoWav
FNF:3
FNH:3
FNDA:2,encodeStereoWavBuffer
FNDA:8,writeString
FNDA:1,encodeStereoWav
DA:1,1
DA:2,2
DA:3,2
DA:4,2
DA:5,2
DA:6,2
DA:7,2
DA:8,2
DA:9,2
DA:10,2
DA:11,6
DA:12,6
DA:13,6
DA:14,2
DA:15,2
DA:16,2
DA:17,2
DA:18,2
DA:19,2
DA:20,2
DA:21,2
DA:22,2
DA:23,2
DA:24,8
DA:25,8
DA:26,2
DA:27,2
DA:28,2
DA:29,2
DA:30,2
DA:31,2
DA:32,2
DA:33,2
DA:34,2
DA:35,2
DA:36,2
DA:37,2
DA:38,2
DA:39,2
DA:40,2
DA:41,2
DA:42,2
DA:43,12
DA:44,12
DA:45,12
DA:46,12
DA:47,2
DA:48,2
DA:49,2
DA:50,1
DA:51,1
DA:52,1
DA:53,1
DA:54,1
DA:55,1
LF:55
LH:55
BRDA:1,0,0,2
BRDA:2,1,0,0
BRDA:10,2,0,6
BRDA:42,3,0,12
BRDA:44,4,0,4
BRDA:44,5,0,8
BRDA:23,6,0,8
BRDA:24,7,0,32
BRDA:51,8,0,1
BRDA:53,9,0,0
BRF:10
BRH:8
end_of_record
